#
# There is insufficient memory for the Java Runtime Environment to continue.
# Native memory allocation (mmap) failed to map 121634816 bytes for G1 virtual space
# Possible reasons:
#   The system is out of physical RAM or swap space
#   The process is running with CompressedOops enabled, and the Java Heap may be blocking the growth of the native heap
# Possible solutions:
#   Reduce memory load on the system
#   Increase physical memory or swap space
#   Check if swap backing store is full
#   Decrease Java heap size (-Xmx/-Xms)
#   Decrease number of Java threads
#   Decrease Java thread stack sizes (-Xss)
#   Set larger code cache with -XX:ReservedCodeCacheSize=
#   JVM is running with Unscaled Compressed Oops mode in which the Java heap is
#     placed in the first 4GB address space. The Java Heap base address is the
#     maximum limit for the native heap growth. Please use -XX:HeapBaseMinAddress
#     to set the Java Heap base and to place the Java Heap above 4GB virtual address.
# This output file may be truncated or incomplete.
#
#  Out of Memory Error (os_windows.cpp:3617), pid=8344, tid=14856
#
# JRE version:  (17.0.8.1+1) (build )
# Java VM: OpenJDK 64-Bit Server VM (17.0.8.1+1, mixed mode, sharing, tiered, compressed oops, compressed class ptrs, g1 gc, windows-amd64)
# No core dump will be written. Minidumps are not enabled by default on client versions of Windows
#

---------------  S U M M A R Y ------------

Command Line: -Dfile.encoding=UTF-8 -Dstdout.encoding=UTF-8 -Dstderr.encoding=UTF-8 --module-path=C:\General Storage\Eclipse Workspace\minesweeper\bin -XX:+ShowCodeDetailsInExceptionMessages -Djdk.module.main=minesweeper minesweeper/coreProcesses.Main

Host: AMD Ryzen 3 7320U with Radeon Graphics         , 8 cores, 7G,  Windows 11 , 64 bit Build 22621 (10.0.22621.2506)
Time: Sun Jan 21 14:49:11 2024 Eastern Standard Time elapsed time: 0.016757 seconds (0d 0h 0m 0s)

---------------  T H R E A D  ---------------

Current thread (0x000002c9f9c37d30):  JavaThread "Unknown thread" [_thread_in_vm, id=14856, stack(0x000000e9b7e00000,0x000000e9b7f00000)]

Stack: [0x000000e9b7e00000,0x000000e9b7f00000]
Native frames: (J=compiled Java code, j=interpreted, Vv=VM code, C=native code)
V  [jvm.dll+0x678b0a]
V  [jvm.dll+0x835e84]
V  [jvm.dll+0x83762e]
V  [jvm.dll+0x837c93]
V  [jvm.dll+0x24746f]
V  [jvm.dll+0x675859]
V  [jvm.dll+0x66a0ea]
V  [jvm.dll+0x306c7b]
V  [jvm.dll+0x30e166]
V  [jvm.dll+0x35dd3e]
V  [jvm.dll+0x35df6f]
V  [jvm.dll+0x2ddb48]
V  [jvm.dll+0x2deab4]
V  [jvm.dll+0x807f31]
V  [jvm.dll+0x36bb21]
V  [jvm.dll+0x7e733c]
V  [jvm.dll+0x3ee4af]
V  [jvm.dll+0x3f00c1]
C  [jli.dll+0x528b]
C  [ucrtbase.dll+0x29363]
C  [KERNEL32.DLL+0x1257d]
C  [ntdll.dll+0x5aa58]


---------------  P R O C E S S  ---------------

Threads class SMR info:
_java_thread_list=0x00007ff80e0ca018, length=0, elements={
}

Java Threads: ( => current thread )

Other Threads:
  0x000002c9f9c923d0 GCTaskThread "GC Thread#0" [stack: 0x000000e9b7f00000,0x000000e9b8000000] [id=17000]
  0x000002c9f9ca2b00 ConcurrentGCThread "G1 Main Marker" [stack: 0x000000e9b8000000,0x000000e9b8100000] [id=9916]
  0x000002c9f9ca3cb0 ConcurrentGCThread "G1 Conc#0" [stack: 0x000000e9b8100000,0x000000e9b8200000] [id=7188]

[error occurred during error reporting (printing all threads), id 0xc0000005, EXCEPTION_ACCESS_VIOLATION (0xc0000005) at pc=0x00007ff80d89e587]

VM state: not at safepoint (not fully initialized)

VM Mutex/Monitor currently owned by a thread:  ([mutex/lock_event])
[0x000002c9f7b5a470] Heap_lock - owner thread: 0x000002c9f9c37d30

Heap address: 0x000000008c200000, size: 1854 MB, Compressed Oops mode: 32-bit

CDS archive(s) mapped at: [0x0000000000000000-0x0000000000000000-0x0000000000000000), size 0, SharedBaseAddress: 0x0000000800000000, ArchiveRelocationMode: 1.
Narrow klass base: 0x0000000000000000, Narrow klass shift: 0, Narrow klass range: 0x0

GC Precious Log:
<Empty>

Heap:
 garbage-first heap   total 0K, used 0K [0x000000008c200000, 0x0000000100000000)
  region size 1024K, 0 young (0K), 0 survivors (0K)

[error occurred during error reporting (printing heap information), id 0xc0000005, EXCEPTION_ACCESS_VIOLATION (0xc0000005) at pc=0x00007ff80dc82699]

GC Heap History (0 events):
No events

Dll operation events (1 events):
Event: 0.010 Loaded shared library C:\Users\field\.p2\pool\plugins\org.eclipse.justj.openjdk.hotspot.jre.full.win32.x86_64_17.0.8.v20230831-1047\jre\bin\java.dll

Deoptimization events (0 events):
No events

Classes unloaded (0 events):
No events

Classes redefined (0 events):
No events

Internal exceptions (0 events):
No events

VM Operations (0 events):
No events

Events (0 events):
No events


Dynamic libraries:
0x00007ff7c4650000 - 0x00007ff7c465e000 	C:\Users\field\.p2\pool\plugins\org.eclipse.justj.openjdk.hotspot.jre.full.win32.x86_64_17.0.8.v20230831-1047\jre\bin\javaw.exe
0x00007ff847710000 - 0x00007ff847927000 	C:\WINDOWS\SYSTEM32\ntdll.dll
0x00007ff846430000 - 0x00007ff8464f4000 	C:\WINDOWS\System32\KERNEL32.DLL
0x00007ff844b70000 - 0x00007ff844f16000 	C:\WINDOWS\System32\KERNELBASE.dll
0x00007ff844f50000 - 0x00007ff845061000 	C:\WINDOWS\System32\ucrtbase.dll
0x00007ff831ee0000 - 0x00007ff831ef7000 	C:\Users\field\.p2\pool\plugins\org.eclipse.justj.openjdk.hotspot.jre.full.win32.x86_64_17.0.8.v20230831-1047\jre\bin\jli.dll
0x00007ff831ec0000 - 0x00007ff831ed9000 	C:\Users\field\.p2\pool\plugins\org.eclipse.justj.openjdk.hotspot.jre.full.win32.x86_64_17.0.8.v20230831-1047\jre\bin\VCRUNTIME140.dll
0x00007ff845580000 - 0x00007ff84572e000 	C:\WINDOWS\System32\USER32.dll
0x00007ff844a50000 - 0x00007ff844a76000 	C:\WINDOWS\System32\win32u.dll
0x00007ff82f560000 - 0x00007ff82f7f3000 	C:\WINDOWS\WinSxS\amd64_microsoft.windows.common-controls_6595b64144ccf1df_6.0.22621.2506_none_270c5ae97388e100\COMCTL32.dll
0x00007ff846500000 - 0x00007ff846529000 	C:\WINDOWS\System32\GDI32.dll
0x00007ff845890000 - 0x00007ff845937000 	C:\WINDOWS\System32\msvcrt.dll
0x00007ff845340000 - 0x00007ff845458000 	C:\WINDOWS\System32\gdi32full.dll
0x00007ff8452a0000 - 0x00007ff84533a000 	C:\WINDOWS\System32\msvcp_win.dll
0x00007ff845ea0000 - 0x00007ff845ed1000 	C:\WINDOWS\System32\IMM32.DLL
0x00007ff831d70000 - 0x00007ff831d7c000 	C:\Users\field\.p2\pool\plugins\org.eclipse.justj.openjdk.hotspot.jre.full.win32.x86_64_17.0.8.v20230831-1047\jre\bin\vcruntime140_1.dll
0x00007ff81e300000 - 0x00007ff81e391000 	C:\Users\field\.p2\pool\plugins\org.eclipse.justj.openjdk.hotspot.jre.full.win32.x86_64_17.0.8.v20230831-1047\jre\bin\msvcp140.dll
0x00007ff80d5b0000 - 0x00007ff80e1fc000 	C:\Users\field\.p2\pool\plugins\org.eclipse.justj.openjdk.hotspot.jre.full.win32.x86_64_17.0.8.v20230831-1047\jre\bin\server\jvm.dll
0x00007ff846c40000 - 0x00007ff846cf3000 	C:\WINDOWS\System32\ADVAPI32.dll
0x00007ff846380000 - 0x00007ff846428000 	C:\WINDOWS\System32\sechost.dll
0x00007ff844f20000 - 0x00007ff844f48000 	C:\WINDOWS\System32\bcrypt.dll
0x00007ff845460000 - 0x00007ff845577000 	C:\WINDOWS\System32\RPCRT4.dll
0x00007ff83d4c0000 - 0x00007ff83d4c9000 	C:\WINDOWS\SYSTEM32\WSOCK32.dll
0x00007ff8443e0000 - 0x00007ff84442d000 	C:\WINDOWS\SYSTEM32\POWRPROF.dll
0x00007ff83b900000 - 0x00007ff83b934000 	C:\WINDOWS\SYSTEM32\WINMM.dll
0x00007ff8469b0000 - 0x00007ff846a21000 	C:\WINDOWS\System32\WS2_32.dll
0x00007ff839fc0000 - 0x00007ff839fca000 	C:\WINDOWS\SYSTEM32\VERSION.dll
0x00007ff844350000 - 0x00007ff844363000 	C:\WINDOWS\SYSTEM32\UMPDC.dll
0x00007ff843a80000 - 0x00007ff843a98000 	C:\WINDOWS\SYSTEM32\kernel.appcore.dll
0x00007ff83fc80000 - 0x00007ff83fc8a000 	C:\Users\field\.p2\pool\plugins\org.eclipse.justj.openjdk.hotspot.jre.full.win32.x86_64_17.0.8.v20230831-1047\jre\bin\jimage.dll
0x00007ff83a260000 - 0x00007ff83a493000 	C:\WINDOWS\SYSTEM32\DBGHELP.DLL
0x00007ff846620000 - 0x00007ff8469a9000 	C:\WINDOWS\System32\combase.dll
0x00007ff846b50000 - 0x00007ff846c27000 	C:\WINDOWS\System32\OLEAUT32.dll
0x00007ff813490000 - 0x00007ff8134c2000 	C:\WINDOWS\SYSTEM32\dbgcore.DLL
0x00007ff844af0000 - 0x00007ff844b6a000 	C:\WINDOWS\System32\bcryptPrimitives.dll
0x00007ff831c80000 - 0x00007ff831ca5000 	C:\Users\field\.p2\pool\plugins\org.eclipse.justj.openjdk.hotspot.jre.full.win32.x86_64_17.0.8.v20230831-1047\jre\bin\java.dll

dbghelp: loaded successfully - version: 4.0.5 - missing functions: none
symbol engine: initialized successfully - sym options: 0x614 - pdb path: .;C:\Users\field\.p2\pool\plugins\org.eclipse.justj.openjdk.hotspot.jre.full.win32.x86_64_17.0.8.v20230831-1047\jre\bin;C:\WINDOWS\SYSTEM32;C:\WINDOWS\WinSxS\amd64_microsoft.windows.common-controls_6595b64144ccf1df_6.0.22621.2506_none_270c5ae97388e100;C:\Users\field\.p2\pool\plugins\org.eclipse.justj.openjdk.hotspot.jre.full.win32.x86_64_17.0.8.v20230831-1047\jre\bin\server

VM Arguments:
jvm_args: -Dfile.encoding=UTF-8 -Dstdout.encoding=UTF-8 -Dstderr.encoding=UTF-8 --module-path=C:\General Storage\Eclipse Workspace\minesweeper\bin -XX:+ShowCodeDetailsInExceptionMessages -Djdk.module.main=minesweeper 
java_command: minesweeper/coreProcesses.Main
java_class_path (initial): <not set>
Launcher Type: SUN_STANDARD

[Global flags]
     intx CICompilerCount                          = 4                                         {product} {ergonomic}
     uint ConcGCThreads                            = 2                                         {product} {ergonomic}
     uint G1ConcRefinementThreads                  = 8                                         {product} {ergonomic}
   size_t G1HeapRegionSize                         = 1048576                                   {product} {ergonomic}
    uintx GCDrainStackTargetSize                   = 64                                        {product} {ergonomic}
   size_t InitialHeapSize                          = 121634816                                 {product} {ergonomic}
   size_t MarkStackSize                            = 4194304                                   {product} {ergonomic}
   size_t MaxHeapSize                              = 1944059904                                {product} {ergonomic}
   size_t MinHeapDeltaBytes                        = 1048576                                   {product} {ergonomic}
   size_t MinHeapSize                              = 8388608                                   {product} {ergonomic}
    uintx NonNMethodCodeHeapSize                   = 5839372                                {pd product} {ergonomic}
    uintx NonProfiledCodeHeapSize                  = 122909434                              {pd product} {ergonomic}
    uintx ProfiledCodeHeapSize                     = 122909434                              {pd product} {ergonomic}
    uintx ReservedCodeCacheSize                    = 251658240                              {pd product} {ergonomic}
     bool SegmentedCodeCache                       = true                                      {product} {ergonomic}
     bool ShowCodeDetailsInExceptionMessages       = true                                   {manageable} {command line}
   size_t SoftMaxHeapSize                          = 1944059904                             {manageable} {ergonomic}
     bool UseCompressedClassPointers               = true                           {product lp64_product} {ergonomic}
     bool UseCompressedOops                        = true                           {product lp64_product} {ergonomic}
     bool UseG1GC                                  = true                                      {product} {ergonomic}
     bool UseLargePagesIndividualAllocation        = false                                  {pd product} {ergonomic}

Logging:
Log output configuration:
 #0: stdout all=warning uptime,level,tags
 #1: stderr all=off uptime,level,tags

Environment Variables:
PATH=C:/Users/field/.p2/pool/plugins/org.eclipse.justj.openjdk.hotspot.jre.full.win32.x86_64_17.0.8.v20230831-1047/jre/bin/server;C:/Users/field/.p2/pool/plugins/org.eclipse.justj.openjdk.hotspot.jre.full.win32.x86_64_17.0.8.v20230831-1047/jre/bin;C:\Program Files\Common Files\Oracle\Java\javapath;C:\WINDOWS\system32;C:\WINDOWS;C:\WINDOWS\System32\Wbem;C:\WINDOWS\System32\WindowsPowerShell\v1.0\;C:\WINDOWS\System32\OpenSSH\;C:\Program Files\FirefoxPWA\;C:\ProgramData\chocolatey\bin;C:\Program Files\dotnet\;C:\Program Files\Git\cmd;C:\Users\field\AppData\Local\Microsoft\WindowsApps;C:\Users\field\AppData\Local\GitHubDesktop\bin;C:\WINDOWS\system32;
USERNAME=field
OS=Windows_NT
PROCESSOR_IDENTIFIER=AMD64 Family 23 Model 160 Stepping 0, AuthenticAMD
TMP=C:\Users\field\AppData\Local\Temp
TEMP=C:\Users\field\AppData\Local\Temp



---------------  S Y S T E M  ---------------

OS:
 Windows 11 , 64 bit Build 22621 (10.0.22621.2506)
OS uptime: 3 days 7:37 hours
Hyper-V role detected

CPU: total 8 (initial active 8) (8 cores per cpu, 2 threads per core) family 23 model 160 stepping 0 microcode 0x0, cx8, cmov, fxsr, ht, mmx, 3dnowpref, sse, sse2, sse3, ssse3, sse4a, sse4.1, sse4.2, popcnt, lzcnt, tsc, tscinvbit, avx, avx2, aes, clmul, bmi1, bmi2, adx, sha, fma, vzeroupper, clflush, clflushopt, hv
Processor Information for all 8 processors :
  Max Mhz: 2401, Current Mhz: 2401, Mhz Limit: 2401

Memory: 4k page, system-wide physical 7413M (870M free)
TotalPageFile size 22633M (AvailPageFile size 60M)
current process WorkingSet (physical memory assigned to process): 11M, peak: 11M
current process commit charge ("private bytes"): 60M, peak: 176M

vm_info: OpenJDK 64-Bit Server VM (17.0.8.1+1) for windows-amd64 JRE (17.0.8.1+1), built on Aug 23 2023 15:29:17 by "admin" with MS VC++ 16.7 (VS2019)

END.
